SF:lib\conversion\view\conversion_screen.dart
DA:12,2
DA:15,2
DA:20,2
DA:21,2
DA:25,2
DA:27,2
DA:28,6
DA:29,2
DA:30,2
DA:31,4
DA:34,2
DA:35,6
DA:36,6
LF:13
LH:13
end_of_record
SF:lib\conversion\widgets\bottom_sheet_conversion.dart
DA:11,2
DA:15,2
DA:20,2
DA:22,2
DA:26,2
DA:28,8
DA:29,8
DA:30,8
DA:31,8
DA:33,0
DA:34,0
DA:36,0
DA:37,0
DA:38,0
DA:39,0
DA:40,0
DA:41,0
DA:42,0
DA:43,0
DA:52,0
DA:53,0
DA:55,0
DA:56,0
DA:57,0
DA:58,0
DA:59,0
DA:60,0
DA:61,0
DA:62,0
DA:71,2
DA:72,6
DA:73,0
DA:74,0
DA:84,2
DA:89,4
DA:90,2
DA:92,2
DA:93,2
DA:95,2
DA:96,2
DA:101,2
DA:102,4
DA:110,2
DA:112,2
DA:113,2
DA:114,10
DA:115,2
DA:121,2
DA:123,2
DA:125,2
DA:129,0
DA:130,0
DA:131,0
DA:132,0
DA:134,0
DA:135,0
DA:137,0
DA:138,0
DA:139,0
DA:140,0
LF:60
LH:28
end_of_record
SF:lib\conversion\widgets\text_field_conversion.dart
DA:11,2
DA:16,2
DA:24,2
DA:26,2
DA:33,2
DA:35,8
DA:36,4
DA:37,6
DA:39,2
DA:40,2
DA:41,2
DA:42,2
DA:43,0
DA:44,0
DA:49,4
DA:51,2
DA:52,4
DA:54,2
DA:56,2
DA:58,2
DA:59,10
LF:21
LH:19
end_of_record
SF:lib\portfolio\model\crypto_view_data.dart
DA:15,11
DA:26,0
DA:28,0
DA:31,2
DA:32,4
LF:5
LH:3
end_of_record
SF:lib\shared\utils\arguments.dart
DA:9,4
LF:1
LH:1
end_of_record
SF:lib\conversion\provider\conversion_provider.dart
DA:8,0
DA:9,0
DA:10,0
DA:19,15
DA:21,8
DA:23,12
DA:25,0
DA:27,6
DA:28,9
DA:30,33
DA:31,0
DA:34,0
DA:36,4
DA:37,8
LF:14
LH:8
end_of_record
SF:lib\crypto_details\model\market_graphic_view_data.dart
DA:5,11
LF:1
LH:1
end_of_record
SF:lib\crypto_details\providers_details\providers_details.dart
DA:7,8
DA:8,2
DA:9,4
DA:13,22
DA:14,11
DA:15,2
DA:16,6
DA:20,33
DA:21,0
DA:22,0
LF:10
LH:8
end_of_record
SF:lib\portfolio\model\crypto_list_view_data.dart
DA:6,11
LF:1
LH:1
end_of_record
SF:lib\portfolio\provider\crypto_provider.dart
DA:13,2
DA:14,2
DA:15,2
DA:16,2
DA:24,0
DA:25,0
DA:26,0
DA:30,6
DA:31,4
DA:33,0
DA:34,0
DA:38,0
DA:40,0
DA:41,0
DA:46,0
DA:47,0
DA:52,0
DA:53,0
DA:54,0
DA:57,0
DA:58,0
DA:62,33
DA:63,0
DA:66,0
DA:67,0
DA:69,0
DA:70,0
DA:72,10
DA:74,8
DA:75,6
DA:77,6
DA:78,8
DA:80,4
DA:81,6
DA:84,0
DA:85,0
DA:86,0
DA:90,0
DA:91,0
LF:39
LH:14
end_of_record
SF:lib\shared\routes\routes.dart
DA:14,4
DA:15,4
DA:16,4
DA:17,1
DA:18,1
DA:20,1
DA:26,3
DA:28,1
DA:29,1
DA:35,3
DA:36,0
DA:37,0
DA:39,0
DA:45,0
DA:47,0
DA:48,0
DA:53,3
DA:54,1
DA:55,1
DA:56,1
DA:57,1
DA:60,1
DA:66,3
DA:68,1
DA:69,1
DA:74,2
DA:75,0
DA:76,0
DA:77,0
DA:78,0
DA:81,0
DA:87,0
DA:89,0
DA:90,0
DA:95,2
DA:96,1
DA:97,1
DA:99,1
DA:105,3
DA:107,1
DA:108,1
DA:113,1
DA:114,0
DA:117,1
DA:118,1
DA:120,1
DA:121,1
DA:122,1
DA:123,1
DA:124,1
DA:126,1
DA:132,3
DA:134,1
DA:135,1
DA:141,0
DA:142,0
DA:143,0
DA:144,0
LF:58
LH:39
end_of_record
SF:lib\shared\template\app_bar.dart
DA:6,4
DA:9,4
DA:10,4
DA:12,4
DA:17,4
DA:19,4
DA:20,4
DA:21,8
DA:25,4
DA:26,0
DA:27,0
LF:11
LH:9
end_of_record
SF:lib\conversion\widgets\body_convertion.dart
DA:15,2
DA:18,2
DA:22,2
DA:23,2
DA:27,2
DA:29,8
DA:30,8
DA:31,8
DA:32,8
DA:34,0
DA:35,0
DA:36,0
DA:37,0
DA:38,0
DA:40,0
DA:42,0
DA:45,0
DA:46,0
DA:47,0
DA:49,0
DA:52,2
DA:53,6
DA:54,0
DA:55,0
DA:64,0
DA:65,0
DA:66,0
DA:67,0
DA:69,0
DA:72,0
DA:76,2
DA:78,2
DA:80,2
DA:81,2
DA:83,6
DA:84,2
DA:85,2
DA:90,2
DA:92,2
DA:93,2
DA:94,4
DA:98,2
DA:99,18
DA:104,2
DA:106,2
DA:107,4
DA:114,2
DA:115,8
DA:116,8
DA:117,2
DA:118,0
DA:119,0
DA:120,0
DA:121,0
DA:124,2
DA:126,2
DA:127,12
DA:128,4
DA:129,0
DA:130,0
DA:131,0
DA:132,0
DA:136,2
DA:138,2
DA:139,2
DA:140,2
DA:141,8
DA:142,0
DA:143,2
DA:145,2
DA:146,2
LF:71
LH:43
end_of_record
SF:lib\shared\utils\number_formater.dart
DA:3,6
DA:9,0
LF:2
LH:1
end_of_record
SF:lib\conversion\widgets\row_convert_buttons.dart
DA:11,2
DA:17,2
DA:24,2
DA:25,2
DA:29,2
DA:31,6
DA:32,2
DA:33,8
DA:35,6
DA:36,2
DA:39,2
DA:41,2
DA:42,2
DA:44,2
DA:45,2
DA:48,2
DA:49,0
DA:50,4
DA:52,2
DA:54,2
DA:57,2
DA:58,2
DA:61,2
DA:62,2
DA:63,2
DA:64,4
DA:65,2
DA:67,2
DA:68,2
DA:69,4
DA:75,8
DA:86,2
DA:88,2
DA:91,2
DA:92,4
DA:94,2
DA:96,2
DA:99,2
DA:100,2
DA:103,2
DA:104,2
DA:105,2
DA:106,2
DA:108,2
DA:109,2
DA:110,2
DA:111,2
DA:117,6
DA:120,2
DA:121,4
LF:50
LH:49
end_of_record
SF:lib\revision\view\revision_screen.dart
DA:12,2
DA:15,1
DA:16,1
DA:20,1
DA:22,4
DA:23,4
DA:24,4
DA:26,1
DA:27,1
DA:28,2
DA:30,1
DA:31,1
DA:33,1
DA:37,2
LF:14
LH:14
end_of_record
SF:lib\crypto_details\mapper\market_mapper.dart
DA:5,0
DA:6,0
DA:7,0
LF:3
LH:0
end_of_record
SF:lib\shared\api\response\market_graphic_response.dart
DA:8,0
DA:12,0
DA:13,0
DA:15,0
LF:4
LH:0
end_of_record
SF:lib\shared\api\response\market_graphic_response.g.dart
DA:9,0
DA:11,0
DA:12,0
DA:13,0
DA:14,0
DA:17,0
DA:19,0
DA:20,0
LF:8
LH:0
end_of_record
SF:lib\shared\api\repository\repository_provider.dart
DA:7,8
DA:8,6
DA:11,8
DA:12,2
DA:13,4
LF:5
LH:5
end_of_record
SF:lib\crypto_details\useCase\market_use_case.dart
DA:10,2
DA:14,2
DA:15,4
DA:16,0
LF:4
LH:3
end_of_record
SF:lib\shared\api\repository\market_graphic_repository.dart
DA:7,2
DA:11,2
DA:12,4
DA:14,0
LF:4
LH:3
end_of_record
SF:lib\crypto_details\view\crypto_details_screen.dart
DA:14,2
DA:15,2
DA:20,2
DA:22,2
DA:26,2
DA:28,8
DA:30,2
DA:31,2
DA:32,2
DA:33,2
DA:34,4
DA:38,2
DA:39,1
DA:40,5
DA:41,2
DA:47,2
DA:48,4
DA:49,4
LF:18
LH:18
end_of_record
SF:lib\portfolio\provider\isVisible_provider.dart
DA:3,16
LF:1
LH:1
end_of_record
SF:lib\crypto_details\widgets\body_crypto_details.dart
DA:20,2
DA:21,2
DA:25,2
DA:26,2
DA:30,2
DA:32,8
DA:34,14
DA:35,8
DA:37,2
DA:40,2
DA:42,2
DA:43,2
DA:45,2
DA:47,2
DA:48,2
DA:50,2
DA:51,2
DA:52,6
DA:59,2
DA:60,8
DA:67,2
DA:68,2
DA:69,2
DA:70,6
DA:78,2
DA:79,2
DA:81,2
DA:82,2
DA:84,6
DA:91,0
DA:93,0
DA:96,0
DA:99,2
DA:100,0
DA:101,0
DA:104,0
DA:105,0
DA:107,2
DA:117,2
DA:118,2
DA:124,2
DA:125,2
DA:126,2
DA:127,2
DA:129,2
DA:130,2
DA:131,4
DA:137,2
DA:138,2
DA:139,2
DA:141,4
DA:142,6
DA:148,0
DA:151,0
DA:159,2
DA:161,2
DA:162,2
DA:163,4
DA:169,2
DA:170,2
DA:171,18
DA:172,2
DA:173,4
DA:174,4
DA:181,0
DA:184,0
DA:192,2
DA:194,2
DA:195,2
DA:196,4
DA:202,2
DA:203,2
DA:204,14
DA:210,0
DA:213,0
DA:221,2
DA:223,2
DA:224,2
DA:225,4
DA:231,2
DA:232,2
DA:233,2
DA:235,4
DA:236,8
DA:237,4
DA:243,0
DA:246,0
DA:253,2
DA:256,2
DA:257,1
DA:258,2
DA:260,1
DA:261,2
DA:262,2
DA:264,2
DA:265,2
DA:268,2
DA:269,2
DA:270,2
DA:274,2
DA:275,4
LF:101
LH:86
end_of_record
SF:lib\crypto_details\widgets\graphic_details_screen.dart
DA:13,0
DA:17,0
DA:23,0
DA:25,0
DA:29,0
DA:31,0
DA:32,0
DA:34,0
DA:36,0
DA:38,0
DA:39,0
DA:40,0
DA:42,0
DA:43,0
DA:45,0
DA:46,0
DA:48,0
DA:49,0
DA:52,0
DA:54,0
DA:56,0
DA:60,0
DA:61,0
DA:62,0
DA:64,0
DA:65,0
DA:66,0
DA:67,0
DA:68,0
DA:72,0
DA:77,0
DA:78,0
DA:79,0
DA:81,0
DA:82,0
DA:84,0
DA:85,0
DA:86,0
DA:88,0
DA:89,0
DA:90,0
DA:95,0
DA:96,0
DA:97,0
DA:98,0
DA:102,0
DA:104,0
DA:106,0
DA:109,0
DA:110,0
DA:111,0
DA:112,0
DA:113,0
DA:117,0
LF:54
LH:0
end_of_record
SF:lib\crypto_details\widgets\row_buttons_graphic_days.dart
DA:6,12
DA:8,0
DA:10,2
DA:12,2
LF:4
LH:3
end_of_record
SF:lib\crypto_details\widgets\button_day_graphic.dart
DA:9,11
DA:13,0
DA:18,2
DA:19,2
DA:23,2
DA:25,8
DA:27,2
DA:30,2
DA:31,2
DA:32,2
DA:33,8
DA:37,0
DA:38,0
DA:39,0
DA:40,0
DA:43,2
DA:44,4
DA:46,2
DA:47,8
LF:19
LH:14
end_of_record
SF:lib\movimentations\model\movimentations_model.dart
DA:11,2
LF:1
LH:1
end_of_record
SF:lib\movimentations\provider\movimentations_provider.dart
DA:7,4
DA:8,6
DA:10,0
DA:11,0
DA:12,0
LF:5
LH:2
end_of_record
SF:lib\movimentations\view\movimentations_screen.dart
DA:16,12
DA:18,0
DA:20,1
DA:22,1
DA:26,1
DA:29,1
DA:30,4
DA:31,3
DA:33,1
DA:35,3
DA:36,1
DA:37,1
DA:38,4
DA:39,1
DA:40,1
DA:41,1
DA:42,1
DA:43,1
DA:45,1
DA:46,2
DA:53,1
DA:55,4
DA:56,0
DA:57,0
DA:59,0
DA:61,0
LF:26
LH:21
end_of_record
SF:lib\shared\bottom_navigation\bottom_navigation_page.dart
DA:6,24
DA:9,0
DA:13,4
DA:15,0
DA:17,0
DA:18,0
DA:21,0
DA:22,0
DA:27,4
DA:28,4
DA:29,4
DA:30,4
DA:31,4
DA:32,8
DA:34,4
DA:35,4
DA:36,4
DA:37,8
DA:41,4
LF:19
LH:13
end_of_record
SF:lib\movimentations\widgets\list_tile_movimentations.dart
DA:10,1
DA:14,1
DA:18,1
DA:20,1
DA:24,1
DA:26,0
DA:27,0
DA:29,0
DA:30,0
DA:33,0
DA:34,0
DA:35,0
DA:37,0
DA:38,0
DA:40,0
DA:41,0
DA:42,0
DA:46,0
DA:48,0
DA:49,0
DA:54,0
DA:55,0
DA:59,0
DA:60,0
DA:61,0
DA:62,0
DA:63,0
DA:68,0
DA:70,0
DA:72,0
DA:76,0
DA:78,0
DA:80,0
DA:84,0
DA:86,0
DA:87,0
DA:89,0
DA:90,0
DA:94,0
DA:96,0
DA:97,0
DA:98,0
DA:104,0
DA:105,0
DA:124,1
DA:125,1
DA:129,1
DA:130,0
DA:131,0
DA:134,1
DA:136,1
DA:138,1
DA:139,1
DA:141,8
DA:150,3
DA:151,0
DA:152,0
DA:158,1
DA:159,1
DA:162,1
DA:168,1
DA:170,1
DA:172,1
DA:173,1
DA:174,5
DA:184,3
DA:185,0
DA:186,0
DA:188,0
DA:189,0
DA:196,1
DA:197,1
DA:200,1
LF:73
LH:26
end_of_record
SF:lib\movimentations\widgets\row_proof_movimentations.dart
DA:4,1
DA:5,1
DA:9,1
DA:10,1
DA:14,1
DA:16,1
DA:18,1
DA:19,1
DA:20,2
DA:23,3
LF:10
LH:10
end_of_record
SF:lib\portfolio\mapper\crypto_mapper.dart
DA:8,0
DA:9,0
DA:10,0
DA:11,0
DA:12,0
DA:13,0
DA:14,0
DA:15,0
DA:16,0
DA:17,0
DA:18,0
DA:21,0
LF:12
LH:0
end_of_record
SF:lib\shared\api\response\crypto_response.dart
DA:16,0
DA:25,0
DA:26,0
DA:28,0
LF:4
LH:0
end_of_record
SF:lib\shared\api\response\crypto_response.g.dart
DA:9,0
DA:10,0
DA:11,0
DA:12,0
DA:13,0
DA:14,0
DA:15,0
DA:16,0
DA:19,0
DA:20,0
DA:21,0
DA:22,0
DA:23,0
DA:24,0
DA:25,0
DA:26,0
LF:16
LH:0
end_of_record
SF:lib\portfolio\useCase\total_crypto_value_use_case.dart
DA:9,2
DA:13,2
DA:14,4
DA:15,0
DA:16,0
DA:17,0
DA:18,0
DA:19,0
DA:20,0
LF:9
LH:3
end_of_record
SF:lib\portfolio\useCase\crypto_use_case.dart
DA:9,0
DA:13,0
DA:14,0
DA:15,0
LF:4
LH:0
end_of_record
SF:lib\shared\api\repository\crypto_repository.dart
DA:8,2
DA:12,2
DA:13,4
DA:15,0
DA:16,0
LF:5
LH:3
end_of_record
SF:lib\portfolio\view\home_portofolio_screen.dart
DA:11,12
DA:13,0
DA:15,2
DA:16,2
DA:22,2
DA:24,2
DA:25,2
DA:26,2
LF:8
LH:7
end_of_record
SF:lib\portfolio\widgtes\info_title_wallet_column_screen.dart
DA:13,12
DA:15,0
DA:17,2
DA:19,2
DA:23,2
DA:25,8
DA:27,2
DA:29,2
DA:30,2
DA:32,2
DA:33,2
DA:34,4
DA:41,2
DA:43,2
DA:44,4
DA:47,2
DA:48,3
DA:54,2
DA:55,2
DA:56,4
DA:57,12
DA:58,2
DA:59,2
DA:60,0
DA:61,0
DA:63,0
DA:73,1
DA:74,1
DA:77,1
DA:83,2
DA:84,4
LF:31
LH:27
end_of_record
SF:lib\portfolio\widgtes\crypto_list_view.dart
DA:11,12
DA:13,0
DA:15,2
DA:16,2
DA:20,2
DA:22,6
DA:23,8
DA:25,2
DA:26,2
DA:27,2
DA:30,4
DA:31,2
DA:32,4
DA:34,2
DA:35,2
DA:39,2
DA:40,2
DA:43,2
DA:44,10
DA:53,0
DA:56,0
LF:21
LH:18
end_of_record
SF:lib\portfolio\widgtes\crypto_list_tile.dart
DA:12,2
DA:17,2
DA:24,2
DA:26,2
DA:27,1
DA:28,2
DA:29,1
DA:30,1
DA:31,1
DA:35,2
DA:36,2
DA:37,2
DA:38,4
DA:43,2
DA:45,2
DA:47,2
DA:48,2
DA:50,6
DA:59,4
DA:60,2
DA:61,2
DA:63,2
DA:64,2
DA:65,2
DA:66,8
DA:75,1
DA:78,1
DA:83,2
DA:85,2
DA:87,2
DA:88,2
DA:89,4
DA:99,4
DA:100,2
DA:101,10
DA:108,1
DA:111,1
DA:116,2
DA:118,2
DA:119,0
LF:40
LH:39
end_of_record
SF:lib\revision\widgets\body_revision.dart
DA:12,1
DA:18,1
DA:25,1
DA:27,1
DA:29,7
DA:30,1
DA:33,1
DA:34,1
DA:35,1
DA:37,1
DA:38,2
DA:49,1
DA:50,2
DA:52,8
DA:57,1
DA:58,2
DA:60,8
DA:65,1
DA:66,2
DA:68,11
DA:70,1
DA:72,1
DA:75,1
DA:76,1
DA:77,1
DA:78,1
LF:26
LH:26
end_of_record
SF:lib\revision\widgets\revision_button.dart
DA:13,1
DA:18,1
DA:24,1
DA:25,1
DA:29,1
DA:31,4
DA:32,4
DA:33,1
DA:36,1
DA:37,1
DA:38,1
DA:40,5
DA:41,5
DA:42,1
DA:43,3
DA:44,2
DA:46,1
DA:47,3
DA:48,1
DA:49,1
DA:50,2
DA:52,1
DA:53,1
DA:58,1
DA:59,2
LF:25
LH:25
end_of_record
SF:lib\revision\widgets\row_revision.dart
DA:4,1
DA:8,1
DA:12,1
DA:13,1
DA:17,1
DA:19,1
DA:21,1
DA:22,1
DA:23,2
DA:27,1
DA:28,2
LF:11
LH:11
end_of_record
SF:lib\success\view\sucess_conversion_screen.dart
DA:6,12
DA:9,2
DA:10,2
DA:14,2
DA:16,2
DA:17,2
DA:22,2
DA:24,1
DA:25,2
DA:28,2
DA:29,2
DA:30,0
DA:31,0
DA:33,6
DA:36,2
DA:37,2
DA:39,2
DA:40,2
DA:41,2
DA:42,2
DA:43,4
DA:50,6
LF:22
LH:20
end_of_record
SF:lib\shared\api\endPoint\crypto_end_point.dart
DA:8,2
DA:12,2
DA:13,6
LF:3
LH:3
end_of_record
SF:lib\shared\api\endPoint\endPoint_provider.dart
DA:8,10
DA:10,8
DA:11,4
DA:12,2
DA:15,8
DA:16,4
DA:17,2
LF:7
LH:7
end_of_record
SF:lib\shared\api\endPoint\market_end_point.dart
DA:6,2
DA:8,2
DA:9,4
DA:10,4
LF:4
LH:4
end_of_record
SF:lib\shared\splash\splash_screen.dart
DA:7,12
DA:9,0
DA:11,1
DA:12,1
DA:16,1
DA:18,1
DA:19,3
DA:20,2
DA:23,1
DA:25,1
DA:27,1
DA:28,1
LF:12
LH:11
end_of_record
