SF:lib\l10n\app_localizations.dart
DA:64,36
DA:68,11
DA:69,11
DA:298,19
DA:300,12
DA:302,24
DA:305,12
DA:306,36
DA:308,0
DA:312,12
DA:316,12
DA:317,22
DA:318,3
DA:319,2
DA:322,0
LF:15
LH:13
end_of_record
SF:lib\conversion\provider\conversion_provider.dart
DA:8,3
DA:9,2
DA:10,1
DA:19,20
DA:21,8
DA:23,16
DA:25,4
DA:27,6
DA:28,9
DA:30,36
DA:31,0
DA:34,5
DA:36,4
DA:37,8
LF:14
LH:13
end_of_record
SF:lib\crypto_details\model\market_graphic_view_data.dart
DA:5,13
LF:1
LH:1
end_of_record
SF:lib\crypto_details\providers_details\providers_details.dart
DA:7,4
DA:8,1
DA:9,2
DA:13,24
DA:14,12
DA:15,0
DA:16,0
DA:20,8
DA:21,4
DA:22,8
LF:10
LH:8
end_of_record
SF:lib\portfolio\model\crypto_list_view_data.dart
DA:6,13
LF:1
LH:1
end_of_record
SF:lib\portfolio\model\crypto_view_data.dart
DA:15,14
DA:26,4
DA:27,8
LF:3
LH:3
end_of_record
SF:lib\portfolio\provider\crypto_provider.dart
DA:12,3
DA:13,3
DA:14,3
DA:15,3
DA:25,9
DA:26,6
DA:28,3
DA:29,2
DA:33,3
DA:37,0
DA:38,0
DA:39,0
DA:42,0
DA:43,0
DA:47,36
DA:48,0
DA:51,4
DA:52,3
DA:54,2
DA:55,5
DA:57,5
DA:59,16
DA:60,12
DA:62,9
DA:63,12
DA:65,8
DA:66,12
DA:69,1
DA:70,1
DA:71,1
DA:75,3
DA:76,2
LF:32
LH:26
end_of_record
SF:lib\shared\routes\routes.dart
DA:14,4
DA:15,4
DA:16,4
DA:17,2
DA:18,2
DA:20,2
DA:26,6
DA:28,2
DA:29,2
DA:35,3
DA:36,1
DA:37,1
DA:39,1
DA:45,3
DA:47,1
DA:48,1
DA:53,2
DA:54,1
DA:55,1
DA:56,1
DA:57,1
DA:60,1
DA:66,3
DA:68,1
DA:69,1
DA:74,1
DA:75,0
DA:76,0
DA:77,0
DA:78,0
DA:81,0
DA:87,0
DA:89,0
DA:90,0
DA:95,1
DA:96,1
DA:97,1
DA:99,1
DA:105,3
DA:107,1
DA:108,1
DA:113,0
DA:114,0
DA:117,0
DA:118,0
DA:120,0
DA:121,0
DA:122,0
DA:123,0
DA:124,0
DA:126,0
DA:132,0
DA:134,0
DA:135,0
DA:141,0
DA:142,0
DA:143,0
DA:144,0
LF:58
LH:33
end_of_record
SF:lib\conversion\view\conversion_screen.dart
DA:12,2
DA:15,2
DA:20,2
DA:21,2
DA:25,2
DA:27,2
DA:28,6
DA:29,2
DA:30,2
DA:31,4
DA:34,2
DA:35,6
DA:36,6
LF:13
LH:13
end_of_record
SF:lib\shared\template\app_bar.dart
DA:6,5
DA:9,5
DA:10,5
DA:12,5
DA:17,5
DA:19,5
DA:20,5
DA:21,10
DA:25,5
DA:26,1
DA:27,2
LF:11
LH:11
end_of_record
SF:lib\conversion\widgets\body_convertion.dart
DA:15,2
DA:18,2
DA:22,2
DA:23,2
DA:27,2
DA:29,8
DA:30,8
DA:31,8
DA:32,8
DA:34,0
DA:35,0
DA:36,0
DA:37,0
DA:38,0
DA:40,0
DA:42,0
DA:45,0
DA:46,0
DA:47,0
DA:49,0
DA:52,2
DA:53,6
DA:54,0
DA:55,0
DA:64,0
DA:65,0
DA:66,0
DA:67,0
DA:69,0
DA:72,0
DA:76,2
DA:78,2
DA:80,2
DA:81,2
DA:83,6
DA:84,2
DA:85,2
DA:90,2
DA:92,2
DA:93,2
DA:94,4
DA:98,2
DA:99,18
DA:104,2
DA:106,2
DA:107,4
DA:114,2
DA:115,8
DA:116,8
DA:117,2
DA:118,0
DA:119,0
DA:120,0
DA:121,0
DA:124,2
DA:126,2
DA:127,12
DA:128,4
DA:129,0
DA:130,0
DA:131,0
DA:132,0
DA:136,2
DA:138,2
DA:139,2
DA:140,2
DA:142,8
DA:143,0
DA:144,2
DA:146,2
DA:147,2
LF:71
LH:43
end_of_record
SF:lib\shared\utils\arguments.dart
DA:9,3
LF:1
LH:1
end_of_record
SF:lib\conversion\widgets\bottom_sheet_conversion.dart
DA:11,2
DA:15,2
DA:20,2
DA:22,2
DA:26,2
DA:28,8
DA:29,8
DA:30,8
DA:31,8
DA:33,0
DA:34,0
DA:36,0
DA:37,0
DA:38,0
DA:39,0
DA:40,0
DA:41,0
DA:42,0
DA:43,0
DA:52,1
DA:53,1
DA:55,1
DA:56,1
DA:57,3
DA:58,1
DA:59,1
DA:60,3
DA:61,0
DA:62,0
DA:71,2
DA:72,6
DA:73,0
DA:74,0
DA:84,2
DA:89,4
DA:90,2
DA:92,2
DA:93,2
DA:95,2
DA:96,2
DA:101,2
DA:102,4
DA:110,2
DA:112,2
DA:113,2
DA:114,10
DA:115,2
DA:121,2
DA:123,2
DA:125,2
DA:129,1
DA:130,2
DA:131,3
DA:132,1
DA:134,0
DA:135,0
DA:137,0
DA:138,0
DA:139,0
DA:140,0
LF:60
LH:40
end_of_record
SF:lib\conversion\widgets\row_convert_buttons.dart
DA:11,2
DA:17,2
DA:24,2
DA:25,2
DA:29,2
DA:31,6
DA:32,2
DA:33,8
DA:35,6
DA:36,2
DA:39,2
DA:41,2
DA:42,2
DA:44,2
DA:45,2
DA:48,2
DA:49,0
DA:50,4
DA:52,2
DA:54,2
DA:57,2
DA:58,2
DA:61,2
DA:62,2
DA:63,2
DA:64,4
DA:65,2
DA:67,2
DA:68,2
DA:69,4
DA:75,8
DA:86,2
DA:88,2
DA:91,2
DA:92,4
DA:94,2
DA:96,2
DA:99,2
DA:100,2
DA:103,2
DA:104,2
DA:105,2
DA:106,2
DA:108,2
DA:109,2
DA:110,2
DA:111,2
DA:117,6
DA:120,2
DA:121,4
LF:50
LH:49
end_of_record
SF:lib\conversion\widgets\text_field_conversion.dart
DA:11,2
DA:16,2
DA:24,2
DA:26,2
DA:33,2
DA:35,8
DA:36,4
DA:37,6
DA:39,2
DA:40,2
DA:41,2
DA:42,2
DA:43,0
DA:44,0
DA:49,4
DA:51,2
DA:52,4
DA:54,2
DA:56,2
DA:58,2
DA:59,10
LF:21
LH:19
end_of_record
SF:lib\revision\view\revision_screen.dart
DA:11,2
DA:14,1
DA:15,1
DA:19,1
DA:21,4
DA:22,4
DA:23,4
DA:25,1
DA:26,1
DA:27,2
DA:29,1
DA:30,1
DA:32,1
DA:36,2
LF:14
LH:14
end_of_record
SF:lib\crypto_details\mapper\market_mapper.dart
DA:5,1
DA:6,1
DA:7,1
LF:3
LH:3
end_of_record
SF:lib\shared\api\response\market_graphic_response.dart
DA:8,4
DA:12,2
DA:13,2
DA:15,2
LF:4
LH:4
end_of_record
SF:lib\shared\api\response\market_graphic_response.g.dart
DA:9,2
DA:11,2
DA:12,2
DA:13,10
DA:14,2
DA:17,1
DA:19,1
DA:20,1
LF:8
LH:8
end_of_record
SF:lib\shared\api\repository\repository_provider.dart
DA:7,16
DA:8,12
DA:11,4
DA:12,1
DA:13,2
LF:5
LH:5
end_of_record
SF:lib\crypto_details\useCase\market_use_case.dart
DA:10,2
DA:14,1
DA:15,2
DA:16,1
LF:4
LH:4
end_of_record
SF:lib\shared\api\repository\market_graphic_repository.dart
DA:7,3
DA:11,2
DA:12,4
DA:14,4
LF:4
LH:4
end_of_record
SF:lib\crypto_details\view\crypto_details_screen.dart
DA:13,1
DA:14,1
DA:19,1
DA:21,1
DA:25,1
DA:27,1
DA:28,1
DA:29,1
DA:30,1
DA:31,2
DA:35,1
DA:36,1
DA:37,5
DA:38,2
DA:44,1
DA:45,2
DA:46,2
LF:17
LH:17
end_of_record
SF:lib\crypto_details\widgets\body_crypto_details.dart
DA:21,1
DA:22,1
DA:26,1
DA:27,1
DA:31,1
DA:33,4
DA:35,7
DA:36,4
DA:38,1
DA:41,1
DA:43,1
DA:44,1
DA:46,1
DA:48,1
DA:49,1
DA:51,1
DA:52,1
DA:53,3
DA:60,1
DA:61,4
DA:68,1
DA:69,1
DA:70,1
DA:71,3
DA:79,1
DA:80,1
DA:82,1
DA:83,1
DA:85,3
DA:92,0
DA:94,0
DA:97,0
DA:100,1
DA:101,2
DA:102,2
DA:105,0
DA:106,0
DA:108,1
DA:118,1
DA:119,1
DA:125,1
DA:126,1
DA:127,1
DA:128,1
DA:130,1
DA:131,1
DA:132,2
DA:138,1
DA:139,1
DA:140,1
DA:142,2
DA:143,3
DA:149,0
DA:152,0
DA:160,1
DA:162,1
DA:163,1
DA:164,2
DA:170,1
DA:171,1
DA:172,9
DA:173,1
DA:174,2
DA:175,2
DA:182,0
DA:185,0
DA:193,1
DA:195,1
DA:196,1
DA:197,2
DA:203,1
DA:204,1
DA:205,7
DA:211,0
DA:214,0
DA:222,1
DA:224,1
DA:225,1
DA:226,2
DA:232,1
DA:233,1
DA:234,1
DA:236,2
DA:237,4
DA:238,2
DA:244,0
DA:247,0
DA:254,1
DA:257,1
DA:258,1
DA:259,2
DA:261,1
DA:262,2
DA:263,2
DA:265,1
DA:266,1
DA:269,1
DA:270,1
DA:271,1
DA:275,1
DA:276,2
LF:101
LH:88
end_of_record
SF:lib\portfolio\provider\isVisible_provider.dart
DA:3,20
LF:1
LH:1
end_of_record
SF:lib\crypto_details\widgets\graphic_details_screen.dart
DA:13,1
DA:17,1
DA:23,1
DA:25,1
DA:29,1
DA:31,3
DA:32,6
DA:34,0
DA:36,0
DA:38,0
DA:39,0
DA:40,1
DA:42,1
DA:43,1
DA:45,1
DA:46,1
DA:48,1
DA:49,1
DA:52,1
DA:54,1
DA:56,1
DA:60,1
DA:61,0
DA:62,0
DA:64,1
DA:65,2
DA:66,3
DA:67,1
DA:68,0
DA:72,0
DA:77,0
DA:78,0
DA:79,0
DA:81,0
DA:82,0
DA:84,0
DA:85,0
DA:86,0
DA:88,0
DA:89,0
DA:90,0
DA:95,0
DA:96,0
DA:97,0
DA:98,0
DA:102,0
DA:104,0
DA:106,0
DA:109,0
DA:110,0
DA:111,0
DA:112,0
DA:113,0
DA:117,0
LF:54
LH:22
end_of_record
SF:lib\crypto_details\widgets\row_buttons_graphic_days.dart
DA:6,20
DA:8,0
DA:10,1
DA:12,1
LF:4
LH:3
end_of_record
SF:lib\crypto_details\widgets\button_day_graphic.dart
DA:9,20
DA:13,0
DA:18,1
DA:19,1
DA:23,1
DA:25,4
DA:27,1
DA:30,1
DA:31,1
DA:32,1
DA:33,4
DA:37,1
DA:38,2
DA:39,3
DA:40,5
DA:43,1
DA:44,2
DA:46,1
DA:47,4
LF:19
LH:18
end_of_record
SF:lib\l10n\app_localizations_en.dart
DA:5,20
DA:7,1
DA:10,4
DA:13,4
DA:16,6
DA:19,8
DA:22,2
DA:25,2
DA:28,2
DA:31,2
DA:34,2
DA:37,3
DA:40,4
DA:43,3
DA:46,3
DA:49,4
DA:52,2
DA:55,2
DA:58,2
DA:61,2
DA:64,2
DA:67,3
DA:70,3
DA:73,2
DA:76,2
DA:79,2
DA:82,1
DA:85,1
DA:88,2
DA:91,2
DA:94,3
DA:97,2
DA:100,1
DA:103,1
LF:34
LH:34
end_of_record
SF:lib\l10n\app_localizations_es.dart
DA:5,2
DA:7,1
DA:10,1
DA:13,1
DA:16,1
DA:19,1
DA:22,1
DA:25,1
DA:28,1
DA:31,1
DA:34,1
DA:37,1
DA:40,1
DA:43,1
DA:46,1
DA:49,1
DA:52,1
DA:55,1
DA:58,1
DA:61,1
DA:64,1
DA:67,1
DA:70,1
DA:73,1
DA:76,1
DA:79,1
DA:82,1
DA:85,1
DA:88,1
DA:91,1
DA:94,1
DA:97,1
DA:100,1
DA:103,1
LF:34
LH:34
end_of_record
SF:lib\l10n\app_localizations_pt.dart
DA:5,2
DA:7,1
DA:10,1
DA:13,1
DA:16,1
DA:19,1
DA:22,1
DA:25,1
DA:28,1
DA:31,1
DA:34,1
DA:37,1
DA:40,1
DA:43,1
DA:46,1
DA:49,1
DA:52,1
DA:55,1
DA:58,1
DA:61,1
DA:64,1
DA:67,1
DA:70,1
DA:73,1
DA:76,1
DA:79,1
DA:82,1
DA:85,1
DA:88,1
DA:91,1
DA:94,1
DA:97,1
DA:100,1
DA:103,1
LF:34
LH:34
end_of_record
SF:lib\movimentations\model\movimentations_model.dart
DA:11,2
LF:1
LH:1
end_of_record
SF:lib\movimentations\provider\movimentations_provider.dart
DA:7,8
DA:8,12
DA:10,3
DA:11,2
DA:12,1
LF:5
LH:5
end_of_record
SF:lib\movimentations\view\movimentations_screen.dart
DA:16,20
DA:18,0
DA:20,2
DA:22,2
DA:26,2
DA:29,2
DA:30,8
DA:31,6
DA:33,2
DA:35,6
DA:36,2
DA:37,2
DA:38,8
DA:39,2
DA:40,2
DA:41,2
DA:42,2
DA:43,2
DA:45,2
DA:46,4
DA:53,2
DA:55,8
DA:56,0
DA:57,0
DA:59,0
DA:61,0
LF:26
LH:21
end_of_record
SF:lib\shared\bottom_navigation\bottom_navigation_page.dart
DA:6,39
DA:9,0
DA:13,5
DA:15,1
DA:17,1
DA:18,0
DA:21,1
DA:22,2
DA:27,5
DA:28,5
DA:29,5
DA:30,5
DA:31,5
DA:32,10
DA:34,5
DA:35,5
DA:36,5
DA:37,10
DA:41,5
LF:19
LH:17
end_of_record
SF:lib\movimentations\widgets\list_tile_movimentations.dart
DA:10,1
DA:14,1
DA:18,1
DA:20,1
DA:24,1
DA:26,1
DA:27,1
DA:31,1
DA:32,1
DA:33,1
DA:35,1
DA:36,1
DA:39,1
DA:40,1
DA:41,1
DA:43,1
DA:44,1
DA:46,1
DA:47,1
DA:48,2
DA:52,1
DA:54,0
DA:55,0
DA:60,1
DA:61,1
DA:65,1
DA:66,2
DA:67,2
DA:68,1
DA:69,4
DA:74,1
DA:75,1
DA:76,1
DA:78,8
DA:82,1
DA:83,1
DA:84,1
DA:86,9
DA:90,1
DA:91,1
DA:92,1
DA:93,1
DA:95,4
DA:96,1
DA:100,1
DA:103,1
DA:104,1
DA:105,0
DA:111,1
DA:112,0
DA:131,1
DA:133,1
DA:135,1
DA:136,1
DA:138,8
DA:147,3
DA:148,0
DA:149,0
DA:155,1
DA:156,1
DA:159,1
DA:165,1
DA:167,1
DA:169,1
DA:170,1
DA:171,5
DA:181,3
DA:182,0
DA:183,0
DA:185,0
DA:186,0
DA:193,1
DA:194,1
DA:197,1
LF:74
LH:64
end_of_record
SF:lib\movimentations\widgets\row_proof_movimentations.dart
DA:4,1
DA:5,1
DA:9,1
DA:10,1
DA:14,1
DA:16,1
DA:18,1
DA:19,1
DA:20,2
DA:23,3
LF:10
LH:10
end_of_record
SF:lib\portfolio\mapper\crypto_mapper.dart
DA:8,1
DA:9,1
DA:10,1
DA:11,1
DA:12,1
DA:13,1
DA:14,1
DA:15,1
DA:16,1
DA:17,3
DA:18,1
DA:21,1
LF:12
LH:12
end_of_record
SF:lib\shared\api\response\crypto_response.dart
DA:16,3
DA:25,1
DA:26,1
DA:28,2
LF:4
LH:4
end_of_record
SF:lib\shared\api\response\crypto_response.g.dart
DA:9,1
DA:10,1
DA:11,1
DA:12,1
DA:13,1
DA:14,1
DA:15,2
DA:16,2
DA:19,1
DA:20,1
DA:21,1
DA:22,1
DA:23,1
DA:24,1
DA:25,1
DA:26,1
LF:16
LH:16
end_of_record
SF:lib\portfolio\useCase\total_crypto_value_use_case.dart
DA:9,4
DA:13,3
DA:14,6
DA:15,0
DA:16,0
DA:17,0
DA:18,0
DA:19,0
DA:20,0
LF:9
LH:3
end_of_record
SF:lib\portfolio\useCase\crypto_use_case.dart
DA:9,2
DA:13,2
DA:14,4
DA:15,1
LF:4
LH:4
end_of_record
SF:lib\shared\api\repository\crypto_repository.dart
DA:8,5
DA:12,5
DA:13,10
DA:15,1
DA:16,4
LF:5
LH:5
end_of_record
SF:lib\portfolio\view\home_portofolio_screen.dart
DA:11,20
DA:13,0
DA:15,3
DA:16,3
DA:22,3
DA:24,3
DA:25,3
DA:26,3
LF:8
LH:7
end_of_record
SF:lib\portfolio\widgtes\info_title_wallet_column_screen.dart
DA:13,20
DA:15,0
DA:17,3
DA:19,3
DA:23,3
DA:25,12
DA:27,3
DA:29,3
DA:30,3
DA:32,3
DA:33,3
DA:34,6
DA:41,3
DA:43,3
DA:44,6
DA:47,2
DA:48,3
DA:54,3
DA:55,3
DA:56,6
DA:57,18
DA:58,3
DA:59,3
DA:60,0
DA:61,0
DA:63,0
DA:73,1
DA:74,1
DA:77,1
DA:83,3
DA:84,6
LF:31
LH:27
end_of_record
SF:lib\portfolio\widgtes\crypto_list_view.dart
DA:11,20
DA:13,0
DA:15,3
DA:16,3
DA:20,3
DA:22,9
DA:23,12
DA:25,3
DA:26,3
DA:27,3
DA:30,6
DA:31,3
DA:32,6
DA:34,3
DA:35,3
DA:39,3
DA:40,3
DA:43,3
DA:44,15
DA:53,1
DA:56,1
LF:21
LH:20
end_of_record
SF:lib\portfolio\widgtes\crypto_list_tile.dart
DA:12,3
DA:17,3
DA:24,3
DA:26,3
DA:27,0
DA:28,0
DA:29,0
DA:30,0
DA:31,0
DA:35,3
DA:36,3
DA:37,3
DA:38,6
DA:43,3
DA:45,3
DA:47,3
DA:48,3
DA:50,9
DA:59,6
DA:60,3
DA:61,3
DA:63,3
DA:64,3
DA:65,3
DA:66,12
DA:75,1
DA:78,1
DA:83,3
DA:85,3
DA:87,3
DA:88,3
DA:89,6
DA:99,6
DA:100,3
DA:101,15
DA:108,1
DA:111,1
LF:37
LH:32
end_of_record
SF:lib\revision\widgets\body_revision.dart
DA:11,1
DA:17,1
DA:24,1
DA:26,1
DA:28,7
DA:29,1
DA:32,1
DA:33,1
DA:34,1
DA:36,1
DA:37,2
DA:48,1
DA:49,2
DA:51,8
DA:56,1
DA:57,2
DA:59,8
DA:64,1
DA:65,2
DA:67,11
DA:69,1
DA:71,1
DA:74,1
DA:75,1
DA:76,1
DA:77,1
LF:26
LH:26
end_of_record
SF:lib\revision\widgets\revision_button.dart
DA:13,1
DA:18,1
DA:24,1
DA:25,1
DA:29,1
DA:31,4
DA:32,4
DA:33,1
DA:36,1
DA:37,1
DA:38,1
DA:40,5
DA:41,5
DA:42,1
DA:43,3
DA:44,2
DA:46,1
DA:47,3
DA:48,1
DA:49,1
DA:50,2
DA:52,1
DA:53,1
DA:58,1
DA:59,2
LF:25
LH:25
end_of_record
SF:lib\revision\widgets\row_revision.dart
DA:4,1
DA:8,1
DA:12,1
DA:13,1
DA:17,1
DA:19,1
DA:21,1
DA:22,1
DA:23,2
DA:27,1
DA:28,2
LF:11
LH:11
end_of_record
SF:lib\success\view\sucess_conversion_screen.dart
DA:7,20
DA:10,2
DA:11,2
DA:15,2
DA:17,2
DA:18,2
DA:23,2
DA:25,1
DA:26,2
DA:29,2
DA:30,2
DA:31,0
DA:32,0
DA:34,6
DA:37,2
DA:38,2
DA:40,2
DA:41,2
DA:42,2
DA:43,2
DA:44,4
DA:51,6
LF:22
LH:20
end_of_record
SF:lib\shared\api\endPoint\crypto_end_point.dart
DA:8,5
DA:12,5
DA:13,15
LF:3
LH:3
end_of_record
SF:lib\shared\api\endPoint\endPoint_provider.dart
DA:8,5
DA:10,16
DA:11,8
DA:12,4
DA:15,4
DA:16,2
DA:17,1
LF:7
LH:7
end_of_record
SF:lib\shared\api\endPoint\market_end_point.dart
DA:6,2
DA:8,1
DA:9,2
DA:10,2
LF:4
LH:4
end_of_record
SF:lib\shared\splash\splash_screen.dart
DA:7,20
DA:9,0
DA:11,1
DA:12,1
DA:16,1
DA:18,1
DA:19,3
DA:20,2
DA:23,1
DA:25,1
DA:27,1
DA:28,1
LF:12
LH:11
end_of_record
SF:lib\portfolio\provider\portfolio_model_provider.dart
DA:6,1
DA:7,1
DA:8,1
DA:9,1
DA:15,2
DA:16,1
DA:17,2
LF:7
LH:7
end_of_record
SF:lib\portfolio\model\portfolio_model.dart
DA:7,1
LF:1
LH:1
end_of_record
